  add.c
  test.c
  正在生成代码...
test.obj : error LNK2001: 无法解析的外部符号 g_val
C:\Users\Chen\Desktop\code\code_9_17\x64\Debug\code_9_17.exe : fatal error LNK1120: 1 个无法解析的外部命令
